# JRE version: Java(TM) SE Runtime Environment (8.0_77-b03) (build 1.8.0_77-b03)
# Java VM: Java HotSpot(TM) 64-Bit Server VM (25.77-b03 mixed mode windows-amd64 compressed oops)
Heap:
 PSYoungGen      total 227840K, used 60852K [0x00000000f0000000, 0x0000000100000000, 0x0000000100000000)
  eden space 197632K, 18% used [0x00000000f0000000,0x00000000f2313868,0x00000000fc100000)
  from space 30208K, 82% used [0x00000000fe280000,0x00000000ffad98c0,0x0000000100000000)
  to   space 32256K, 0% used [0x00000000fc100000,0x00000000fc100000,0x00000000fe080000)
 ParOldGen       total 524288K, used 44520K [0x00000000d0000000, 0x00000000f0000000, 0x00000000f0000000)
  object space 524288K, 8% used [0x00000000d0000000,0x00000000d2b7a2d0,0x00000000f0000000)
 Metaspace       used 54409K, capacity 55310K, committed 55768K, reserved 1097728K
  class space    used 6821K, capacity 7083K, committed 7168K, reserved 1048576K
GC Heap History (10 events):
Event: 26.787 GC heap before
{Heap before GC invocations=14 (full 2):
 PSYoungGen      total 204800K, used 204305K [0x00000000f0000000, 0x0000000100000000, 0x0000000100000000)
  eden space 198656K, 100% used [0x00000000f0000000,0x00000000fc200000,0x00000000fc200000)
  from space 6144K, 91% used [0x00000000fc200000,0x00000000fc784778,0x00000000fc800000)
  to   space 32256K, 0% used [0x00000000fe080000,0x00000000fe080000,0x0000000100000000)
 ParOldGen       total 524288K, used 44480K [0x00000000d0000000, 0x00000000f0000000, 0x00000000f0000000)
  object space 524288K, 8% used [0x00000000d0000000,0x00000000d2b702d0,0x00000000f0000000)
 Metaspace       used 41611K, capacity 42458K, committed 42840K, reserved 1087488K
  class space    used 5162K, capacity 5412K, committed 5504K, reserved 1048576K
Event: 26.815 GC heap after
Heap after GC invocations=14 (full 2):
 PSYoungGen      total 230400K, used 11147K [0x00000000f0000000, 0x0000000100000000, 0x0000000100000000)
  eden space 198144K, 0% used [0x00000000f0000000,0x00000000f0000000,0x00000000fc180000)
  from space 32256K, 34% used [0x00000000fe080000,0x00000000feb62eb8,0x0000000100000000)
  to   space 31744K, 0% used [0x00000000fc180000,0x00000000fc180000,0x00000000fe080000)
 ParOldGen       total 524288K, used 44488K [0x00000000d0000000, 0x00000000f0000000, 0x00000000f0000000)
  object space 524288K, 8% used [0x00000000d0000000,0x00000000d2b722d0,0x00000000f0000000)
 Metaspace       used 41611K, capacity 42458K, committed 42840K, reserved 1087488K
  class space    used 5162K, capacity 5412K, committed 5504K, reserved 1048576K
}
Event: 29.040 GC heap before
{Heap before GC invocations=15 (full 2):
 PSYoungGen      total 230400K, used 209291K [0x00000000f0000000, 0x0000000100000000, 0x0000000100000000)
  eden space 198144K, 100% used [0x00000000f0000000,0x00000000fc180000,0x00000000fc180000)
  from space 32256K, 34% used [0x00000000fe080000,0x00000000feb62eb8,0x0000000100000000)
  to   space 31744K, 0% used [0x00000000fc180000,0x00000000fc180000,0x00000000fe080000)
 ParOldGen       total 524288K, used 44488K [0x00000000d0000000, 0x00000000f0000000, 0x00000000f0000000)
  object space 524288K, 8% used [0x00000000d0000000,0x00000000d2b722d0,0x00000000f0000000)
 Metaspace       used 44448K, capacity 45284K, committed 45656K, reserved 1089536K
  class space    used 5413K, capacity 5644K, committed 5760K, reserved 1048576K
Event: 29.066 GC heap after
Heap after GC invocations=15 (full 2):
 PSYoungGen      total 229888K, used 13974K [0x00000000f0000000, 0x0000000100000000, 0x0000000100000000)
  eden space 198144K, 0% used [0x00000000f0000000,0x00000000f0000000,0x00000000fc180000)
  from space 31744K, 44% used [0x00000000fc180000,0x00000000fcf25b18,0x00000000fe080000)
  to   space 30208K, 0% used [0x00000000fe280000,0x00000000fe280000,0x0000000100000000)
 ParOldGen       total 524288K, used 44496K [0x00000000d0000000, 0x00000000f0000000, 0x00000000f0000000)
  object space 524288K, 8% used [0x00000000d0000000,0x00000000d2b742d0,0x00000000f0000000)
 Metaspace       used 44448K, capacity 45284K, committed 45656K, reserved 1089536K
  class space    used 5413K, capacity 5644K, committed 5760K, reserved 1048576K
}
Event: 30.431 GC heap before
{Heap before GC invocations=16 (full 2):
 PSYoungGen      total 229888K, used 212118K [0x00000000f0000000, 0x0000000100000000, 0x0000000100000000)
  eden space 198144K, 100% used [0x00000000f0000000,0x00000000fc180000,0x00000000fc180000)
  from space 31744K, 44% used [0x00000000fc180000,0x00000000fcf25b18,0x00000000fe080000)
  to   space 30208K, 0% used [0x00000000fe280000,0x00000000fe280000,0x0000000100000000)
 ParOldGen       total 524288K, used 44496K [0x00000000d0000000, 0x00000000f0000000, 0x00000000f0000000)
  object space 524288K, 8% used [0x00000000d0000000,0x00000000d2b742d0,0x00000000f0000000)
 Metaspace       used 48807K, capacity 49646K, committed 50008K, reserved 1093632K
  class space    used 6032K, capacity 6268K, committed 6272K, reserved 1048576K
Event: 30.449 GC heap after
Heap after GC invocations=16 (full 2):
 PSYoungGen      total 232448K, used 17857K [0x00000000f0000000, 0x0000000100000000, 0x0000000100000000)
  eden space 202240K, 0% used [0x00000000f0000000,0x00000000f0000000,0x00000000fc580000)
  from space 30208K, 59% used [0x00000000fe280000,0x00000000ff3f0448,0x0000000100000000)
  to   space 29696K, 0% used [0x00000000fc580000,0x00000000fc580000,0x00000000fe280000)
 ParOldGen       total 524288K, used 44504K [0x00000000d0000000, 0x00000000f0000000, 0x00000000f0000000)
  object space 524288K, 8% used [0x00000000d0000000,0x00000000d2b762d0,0x00000000f0000000)
 Metaspace       used 48807K, capacity 49646K, committed 50008K, reserved 1093632K
  class space    used 6032K, capacity 6268K, committed 6272K, reserved 1048576K
}
Event: 34.467 GC heap before
{Heap before GC invocations=17 (full 2):
 PSYoungGen      total 232448K, used 220097K [0x00000000f0000000, 0x0000000100000000, 0x0000000100000000)
  eden space 202240K, 100% used [0x00000000f0000000,0x00000000fc580000,0x00000000fc580000)
  from space 30208K, 59% used [0x00000000fe280000,0x00000000ff3f0448,0x0000000100000000)
  to   space 29696K, 0% used [0x00000000fc580000,0x00000000fc580000,0x00000000fe280000)
 ParOldGen       total 524288K, used 44504K [0x00000000d0000000, 0x00000000f0000000, 0x00000000f0000000)
  object space 524288K, 8% used [0x00000000d0000000,0x00000000d2b762d0,0x00000000f0000000)
 Metaspace       used 52106K, capacity 52964K, committed 53336K, reserved 1095680K
  class space    used 6497K, capacity 6756K, committed 6784K, reserved 1048576K
Event: 34.503 GC heap after
Heap after GC invocations=17 (full 2):
 PSYoungGen      total 231936K, used 20970K [0x00000000f0000000, 0x0000000100000000, 0x0000000100000000)
  eden space 202240K, 0% used [0x00000000f0000000,0x00000000f0000000,0x00000000fc580000)
  from space 29696K, 70% used [0x00000000fc580000,0x00000000fd9fabc0,0x00000000fe280000)
  to   space 30208K, 0% used [0x00000000fe280000,0x00000000fe280000,0x0000000100000000)
 ParOldGen       total 524288K, used 44512K [0x00000000d0000000, 0x00000000f0000000, 0x00000000f0000000)
  object space 524288K, 8% used [0x00000000d0000000,0x00000000d2b782d0,0x00000000f0000000)
 Metaspace       used 52106K, capacity 52964K, committed 53336K, reserved 1095680K
  class space    used 6497K, capacity 6756K, committed 6784K, reserved 1048576K
}
Event: 37.042 GC heap before
{Heap before GC invocations=18 (full 2):
 PSYoungGen      total 231936K, used 223210K [0x00000000f0000000, 0x0000000100000000, 0x0000000100000000)
  eden space 202240K, 100% used [0x00000000f0000000,0x00000000fc580000,0x00000000fc580000)
  from space 29696K, 70% used [0x00000000fc580000,0x00000000fd9fabc0,0x00000000fe280000)
  to   space 30208K, 0% used [0x00000000fe280000,0x00000000fe280000,0x0000000100000000)
 ParOldGen       total 524288K, used 44512K [0x00000000d0000000, 0x00000000f0000000, 0x00000000f0000000)
  object space 524288K, 8% used [0x00000000d0000000,0x00000000d2b782d0,0x00000000f0000000)
 Metaspace       used 54220K, capacity 55118K, committed 55384K, reserved 1097728K
  class space    used 6793K, capacity 7019K, committed 7040K, reserved 1048576K
Event: 37.121 GC heap after
Heap after GC invocations=18 (full 2):
 PSYoungGen      total 227840K, used 24934K [0x00000000f0000000, 0x0000000100000000, 0x0000000100000000)
  eden space 197632K, 0% used [0x00000000f0000000,0x00000000f0000000,0x00000000fc100000)
  from space 30208K, 82% used [0x00000000fe280000,0x00000000ffad98c0,0x0000000100000000)
  to   space 32256K, 0% used [0x00000000fc100000,0x00000000fc100000,0x00000000fe080000)
 ParOldGen       total 524288K, used 44520K [0x00000000d0000000, 0x00000000f0000000, 0x00000000f0000000)
  object space 524288K, 8% used [0x00000000d0000000,0x00000000d2b7a2d0,0x00000000f0000000)
 Metaspace       used 54220K, capacity 55118K, committed 55384K, reserved 1097728K
  class space    used 6793K, capacity 7019K, committed 7040K, reserved 1048576K
}

